<?xml version="1.0" encoding="UTF-8"?>
<coverage generated="1584294034735" clover="3.2.0">
  <project timestamp="1584294034735" name="All files">
    <metrics statements="19" coveredstatements="18" conditionals="2" coveredconditionals="2" methods="14" coveredmethods="9" elements="35" coveredelements="29" complexity="0" loc="19" ncloc="19" packages="1" files="1" classes="1"/>
    <file name="highlevelstorage.js" path="/Users/ericlw/Development/promise-maps/highlevelstorage.js">
      <metrics statements="19" coveredstatements="18" conditionals="2" coveredconditionals="2" methods="14" coveredmethods="9"/>
      <line num="27" count="1" type="stmt"/>
      <line num="31" count="5" type="stmt"/>
      <line num="39" count="5" type="stmt"/>
      <line num="40" count="5" type="stmt"/>
      <line num="41" count="10" type="stmt"/>
      <line num="43" count="5" type="stmt"/>
      <line num="51" count="5" type="stmt"/>
      <line num="53" count="5" type="stmt"/>
      <line num="55" count="5" type="stmt"/>
      <line num="56" count="10" type="cond" truecount="2" falsecount="0"/>
      <line num="58" count="0" type="stmt"/>
      <line num="66" count="5" type="stmt"/>
      <line num="67" count="1" type="stmt"/>
      <line num="75" count="5" type="stmt"/>
      <line num="76" count="1" type="stmt"/>
      <line num="84" count="5" type="stmt"/>
      <line num="85" count="12" type="stmt"/>
      <line num="91" count="5" type="stmt"/>
      <line num="94" count="1" type="stmt"/>
    </file>
  </project>
</coverage>
