{"/Users/ericlw/Development/promise-maps/highlevelstorage.js": {"path":"/Users/ericlw/Development/promise-maps/highlevelstorage.js","statementMap":{"0":{"start":{"line":27,"column":11},"end":{"line":92,"column":1}},"1":{"start":{"line":31,"column":24},"end":{"line":31,"column":33}},"2":{"start":{"line":39,"column":22},"end":{"line":39,"column":24}},"3":{"start":{"line":40,"column":12},"end":{"line":42,"column":15}},"4":{"start":{"line":41,"column":16},"end":{"line":41,"column":51}},"5":{"start":{"line":43,"column":12},"end":{"line":43,"column":66}},"6":{"start":{"line":43,"column":46},"end":{"line":43,"column":64}},"7":{"start":{"line":51,"column":14},"end":{"line":59,"column":9}},"8":{"start":{"line":53,"column":12},"end":{"line":58,"column":54}},"9":{"start":{"line":55,"column":20},"end":{"line":57,"column":21}},"10":{"start":{"line":56,"column":24},"end":{"line":56,"column":69}},"11":{"start":{"line":56,"column":53},"end":{"line":56,"column":69}},"12":{"start":{"line":58,"column":34},"end":{"line":58,"column":52}},"13":{"start":{"line":66,"column":14},"end":{"line":68,"column":9}},"14":{"start":{"line":67,"column":12},"end":{"line":67,"column":102}},"15":{"start":{"line":67,"column":82},"end":{"line":67,"column":100}},"16":{"start":{"line":75,"column":14},"end":{"line":77,"column":9}},"17":{"start":{"line":76,"column":12},"end":{"line":76,"column":102}},"18":{"start":{"line":76,"column":82},"end":{"line":76,"column":100}},"19":{"start":{"line":84,"column":19},"end":{"line":86,"column":9}},"20":{"start":{"line":85,"column":12},"end":{"line":85,"column":133}},"21":{"start":{"line":85,"column":51},"end":{"line":85,"column":95}},"22":{"start":{"line":85,"column":113},"end":{"line":85,"column":131}},"23":{"start":{"line":91,"column":4},"end":{"line":91,"column":40}},"24":{"start":{"line":94,"column":0},"end":{"line":94,"column":26}}},"fnMap":{"0":{"name":"(anonymous_0)","decl":{"start":{"line":27,"column":11},"end":{"line":27,"column":12}},"loc":{"start":{"line":27,"column":32},"end":{"line":92,"column":1}},"line":27},"1":{"name":"(anonymous_1)","decl":{"start":{"line":38,"column":8},"end":{"line":38,"column":9}},"loc":{"start":{"line":38,"column":24},"end":{"line":44,"column":9}},"line":38},"2":{"name":"(anonymous_2)","decl":{"start":{"line":40,"column":24},"end":{"line":40,"column":25}},"loc":{"start":{"line":40,"column":43},"end":{"line":42,"column":13}},"line":40},"3":{"name":"(anonymous_3)","decl":{"start":{"line":43,"column":37},"end":{"line":43,"column":38}},"loc":{"start":{"line":43,"column":46},"end":{"line":43,"column":64}},"line":43},"4":{"name":"(anonymous_4)","decl":{"start":{"line":51,"column":14},"end":{"line":51,"column":15}},"loc":{"start":{"line":51,"column":36},"end":{"line":59,"column":9}},"line":51},"5":{"name":"(anonymous_5)","decl":{"start":{"line":54,"column":22},"end":{"line":54,"column":23}},"loc":{"start":{"line":54,"column":30},"end":{"line":58,"column":17}},"line":54},"6":{"name":"(anonymous_6)","decl":{"start":{"line":58,"column":25},"end":{"line":58,"column":26}},"loc":{"start":{"line":58,"column":34},"end":{"line":58,"column":52}},"line":58},"7":{"name":"(anonymous_7)","decl":{"start":{"line":66,"column":14},"end":{"line":66,"column":15}},"loc":{"start":{"line":66,"column":36},"end":{"line":68,"column":9}},"line":66},"8":{"name":"(anonymous_8)","decl":{"start":{"line":67,"column":73},"end":{"line":67,"column":74}},"loc":{"start":{"line":67,"column":82},"end":{"line":67,"column":100}},"line":67},"9":{"name":"(anonymous_9)","decl":{"start":{"line":75,"column":14},"end":{"line":75,"column":15}},"loc":{"start":{"line":75,"column":27},"end":{"line":77,"column":9}},"line":75},"10":{"name":"(anonymous_10)","decl":{"start":{"line":76,"column":73},"end":{"line":76,"column":74}},"loc":{"start":{"line":76,"column":82},"end":{"line":76,"column":100}},"line":76},"11":{"name":"(anonymous_11)","decl":{"start":{"line":84,"column":19},"end":{"line":84,"column":20}},"loc":{"start":{"line":84,"column":32},"end":{"line":86,"column":9}},"line":84},"12":{"name":"(anonymous_12)","decl":{"start":{"line":85,"column":43},"end":{"line":85,"column":44}},"loc":{"start":{"line":85,"column":51},"end":{"line":85,"column":95}},"line":85},"13":{"name":"(anonymous_13)","decl":{"start":{"line":85,"column":104},"end":{"line":85,"column":105}},"loc":{"start":{"line":85,"column":113},"end":{"line":85,"column":131}},"line":85}},"branchMap":{"0":{"loc":{"start":{"line":56,"column":24},"end":{"line":56,"column":69}},"type":"if","locations":[{"start":{"line":56,"column":24},"end":{"line":56,"column":69}},{"start":{"line":56,"column":24},"end":{"line":56,"column":69}}],"line":56}},"s":{"0":1,"1":5,"2":5,"3":5,"4":10,"5":5,"6":0,"7":5,"8":5,"9":5,"10":10,"11":3,"12":0,"13":5,"14":1,"15":0,"16":5,"17":1,"18":0,"19":5,"20":6,"21":12,"22":0,"23":5,"24":1},"f":{"0":5,"1":5,"2":10,"3":0,"4":5,"5":5,"6":0,"7":1,"8":0,"9":1,"10":0,"11":6,"12":12,"13":0},"b":{"0":[3,7]},"_coverageSchema":"1a1c01bbd47fc00a2c39e90264f33305004495a9","hash":"3ef35961e23867922cd13c16f9de1b2cc4dcacd5"}
}
