TN:
SF:highlevelstorage.js
FN:27,(anonymous_0)
FN:38,(anonymous_1)
FN:40,(anonymous_2)
FN:43,(anonymous_3)
FN:51,(anonymous_4)
FN:54,(anonymous_5)
FN:58,(anonymous_6)
FN:66,(anonymous_7)
FN:67,(anonymous_8)
FN:75,(anonymous_9)
FN:76,(anonymous_10)
FN:84,(anonymous_11)
FN:85,(anonymous_12)
FN:85,(anonymous_13)
FNF:14
FNH:9
FNDA:5,(anonymous_0)
FNDA:5,(anonymous_1)
FNDA:10,(anonymous_2)
FNDA:0,(anonymous_3)
FNDA:5,(anonymous_4)
FNDA:5,(anonymous_5)
FNDA:0,(anonymous_6)
FNDA:1,(anonymous_7)
FNDA:0,(anonymous_8)
FNDA:1,(anonymous_9)
FNDA:0,(anonymous_10)
FNDA:6,(anonymous_11)
FNDA:12,(anonymous_12)
FNDA:0,(anonymous_13)
DA:27,1
DA:31,5
DA:39,5
DA:40,5
DA:41,10
DA:43,5
DA:51,5
DA:53,5
DA:55,5
DA:56,10
DA:58,0
DA:66,5
DA:67,1
DA:75,5
DA:76,1
DA:84,5
DA:85,12
DA:91,5
DA:94,1
LF:19
LH:18
BRDA:56,0,0,3
BRDA:56,0,1,7
BRF:2
BRH:2
end_of_record
